<?xml version="1.0" encoding="UTF-8"?>
<!-- Generated by org.testng.reporters.JUnitXMLReporter -->
<testsuite hostname="LAPTOP-JHCO5B84" ignored="4" name="Test_firefox" tests="1" failures="0" timestamp="2020-04-09T10:48:52 IST" time="79.786" errors="0">
  <testcase name="validloginlogout" time="2.703" classname="regressionTestScripts.ValidLoginLogout"/>
  <testcase name="@BeforeSuite setUp" time="0.0" classname="generic.Generic_Test">
    <ignored/>
  </testcase> <!-- @BeforeSuite setUp -->
  <testcase name="@BeforeSuite setUp" time="0.0" classname="generic.Generic_Test">
    <ignored/>
  </testcase> <!-- @BeforeSuite setUp -->
  <testcase name="@AfterSuite tearDown" time="0.0" classname="generic.Generic_Test">
    <ignored/>
  </testcase> <!-- @AfterSuite tearDown -->
  <testcase name="@AfterSuite tearDown" time="0.0" classname="generic.Generic_Test">
    <ignored/>
  </testcase> <!-- @AfterSuite tearDown -->
</testsuite> <!-- Test_firefox -->
